#008f85ff (  0,143,133,255)    abc      j      
#00b2a1ff (  0,178,161,255)    a               
#05bfaeff (  5,191,174,255)    a               
#12ccbbff ( 18,204,187,255)    a c e   i  lmn  
#1fd9c8ff ( 31,217,200,255)    ab   fgh  k   op
#2ce6d5ff ( 44,230,213,255)    a               
#39f3e2ff ( 57,243,226,255)    abcd fgh jk   op
#87f9eeff (135,249,238,255)    a   e   i  lmn  
#5c5c5cff ( 92, 92, 92,255)     b              
#7e7e7eff (126,126,126,255)     b              
#fafafaff (250,250,250,255)     b            op
#000000ff (  0,  0,  0,255)      c             
#0a0a0aff ( 10, 10, 10,255)      c             
#151515ff ( 21, 21, 21,255)      c             
#606060ff ( 96, 96, 96,255)      c             
#918d00ff (145,141,  0,255)      c             
#808080ff (128,128,128,255)      c             
#00000000 (  0,  0,  0,  0)      cdefghijklmnop
#32d8c7ff ( 50,216,199,255)       d            
#78e0dbff (120,224,219,255)       d            
#73e7e1ff (115,231,225,255)       d            
#96e7e4ff (150,231,228,255)       d            
#cefff6ff (206,255,246,255)       d            
#ffffffff (255,255,255,255)       d fgh  k     
#2a200dff ( 42, 32, 13,255)        e   i  lmn  
#4b3817ff ( 75, 56, 23,255)        e   i  l n  
#695020ff (105, 80, 32,255)        e   i  lmn  
#212121ff ( 33, 33, 33,255)         fgh  k     
#156355ff ( 21, 99, 85,255)                 n  
#969696ff (150,150,150,255)                 n  

a: blocks/diamond_block.png
b: blocks/diamond_ore.png
c: entity/horse/armor/horse_armor_diamond.png
d: items/diamond.png
e: items/diamond_axe.png
f: items/diamond_boots.png
g: items/diamond_chestplate.png
h: items/diamond_helmet.png
i: items/diamond_hoe.png
j: items/diamond_horse_armor.png
k: items/diamond_leggings.png
l: items/diamond_pickaxe.png
m: items/diamond_shovel.png
n: items/diamond_sword.png
o: models/armor/diamond_layer_1.png
p: models/armor/diamond_layer_2.png
