#a1a1a1ff (161,161,161,255)    ab d f                                             
#d3d3d3ff (211,211,211,255)    a  d                                               
#d5d6d6ff (213,214,214,255)    a  d                                               
#dad9daff (218,217,218,255)    a  d f                                             
#dededeff (222,222,222,255)    a  d                                               
#e3e3e3ff (227,227,227,255)    a  d                                               
#e8e7e7ff (232,231,231,255)    ab d          o                                    
#ecebebff (236,235,235,255)    ab d                                               
#f0f0f0ff (240,240,240,255)     b                                                 
#f4f4f4ff (244,244,244,255)     b                                                 
#f8f8f8ff (248,248,248,255)     b                                                 
#ffffff00 (255,255,255,  0)     bc                                                
#595857ff ( 89, 88, 87,255)      c                                                
#787879ff (120,120,121,255)      c                                                
#939393ff (147,147,147,255)      c                                                
#5c5c5cff ( 92, 92, 92,255)        e                                              
#7e7e7eff (126,126,126,255)        e                                              
#836857ff (131,104, 87,255)        e                                              
#af8e77ff (175,142,119,255)        e                                              
#c3a38fff (195,163,143,255)        e                                              
#e2c0aaff (226,192,170,255)        e                                              
#00000000 (  0,  0,  0,  0)         fghijklmn pqrstuvwxyzABCDEFGHIJKLMNOPQRSTUVWXY
#000000ff (  0,  0,  0,255)          gh                                O          
#0a0a0aff ( 10, 10, 10,255)          g                                            
#151515ff ( 21, 21, 21,255)          g                                            
#1c1c1cff ( 28, 28, 28,255)          g      n                                     
#1f1f1fff ( 31, 31, 31,255)          g                                            
#450505ff ( 69,  5,  5,255)          g                                            
#808080ff (128,128,128,255)          g                                            
#aaaaaaff (170,170,170,255)          g i   m   qrs                                
#e7e7e7ff (231,231,231,255)          g  jkl n p                                 XY
#392314ff ( 57, 35, 20,255)           h                                           
#3c3a15ff ( 60, 58, 21,255)           h                                           
#543a27ff ( 84, 58, 39,255)           h                                           
#553a28ff ( 85, 58, 40,255)           h                                           
#543b2aff ( 84, 59, 42,255)           h                                           
#543d2eff ( 84, 61, 46,255)           h                                           
#553e2fff ( 85, 62, 47,255)           h                                           
#543f32ff ( 84, 63, 50,255)           h                                           
#4d7506ff ( 77,117,  6,255)           h                                           
#46750bff ( 70,117, 11,255)           h                                           
#437910ff ( 67,121, 16,255)           h                                           
#507b1dff ( 80,123, 29,255)           h                                           
#577f1fff ( 87,127, 31,255)           h                                           
#544032ff ( 84, 64, 50,255)           h                                           
#544034ff ( 84, 64, 52,255)           h                                           
#594436ff ( 89, 68, 54,255)           h                                           
#597e22ff ( 89,126, 34,255)           h                                           
#6d5749ff (109, 87, 73,255)           h                                           
#6d574bff (109, 87, 75,255)           h                                           
#6d594bff (109, 89, 75,255)           h                                           
#6d594dff (109, 89, 77,255)           h                                           
#6c5c50ff (108, 92, 80,255)           h                                           
#6d5d53ff (109, 93, 83,255)           h                                           
#6c5d54ff (108, 93, 84,255)           h                                           
#6d5e55ff (109, 94, 85,255)           h                                           
#726c65ff (114,108,101,255)           h                                           
#89132fff (137, 19, 47,255)           h                                           
#8b7260ff (139,114, 96,255)           h                                           
#8b7362ff (139,115, 98,255)           h                                           
#8a7263ff (138,114, 99,255)           h                                           
#8b7464ff (139,116,100,255)           h                                           
#8b7566ff (139,117,102,255)           h                                           
#837168ff (131,113,104,255)           h                                           
#5f801eff ( 95,128, 30,255)           h                                           
#558022ff ( 85,128, 34,255)           h                                           
#5f8424ff ( 95,132, 36,255)           h                                           
#5c8028ff ( 92,128, 40,255)           h                                           
#5e8530ff ( 94,133, 48,255)           h                                           
#538a32ff ( 83,138, 50,255)           h                                           
#668136ff (102,129, 54,255)           h                                           
#638834ff ( 99,136, 52,255)           h                                           
#648935ff (100,137, 53,255)           h                                           
#fed617ff (254,214, 23,255)           h                                           
#898078ff (137,128,120,255)           h                                           
#e2cd40ff (226,205, 64,255)           h                                           
#9e9a9aff (158,154,154,255)           h                                           
#9c9c9cff (156,156,156,255)           h                                           
#9f9d9dff (159,157,157,255)           h                                           
#9f9f9fff (159,159,159,255)           h                                           
#a19d9bff (161,157,155,255)           h                                           
#a29d9cff (162,157,156,255)           h                                           
#bfa08aff (191,160,138,255)           h                                           
#bfa18cff (191,161,140,255)           h                                           
#bfa28eff (191,162,142,255)           h                                           
#bfa48eff (191,164,142,255)           h                                           
#bfa590ff (191,165,144,255)           h                                           
#bfa490ff (191,164,144,255)           h                                           
#bfa794ff (191,167,148,255)           h                                           
#bfa894ff (191,168,148,255)           h                                           
#bea898ff (190,168,152,255)           h                                           
#9c99a1ff (156,153,161,255)           h                                           
#a09ea0ff (160,158,160,255)           h                                           
#a7a0a1ff (167,160,161,255)           h                                           
#bcb3abff (188,179,171,255)           h                                           
#c0a189ff (192,161,137,255)           h                                           
#c0a28bff (192,162,139,255)           h                                           
#ceb4a1ff (206,180,161,255)           h                                           
#ccb9aaff (204,185,170,255)           h                                           
#ccbaaeff (204,186,174,255)           h                                           
#c7c2beff (199,194,190,255)           h                                           
#cbc1baff (203,193,186,255)           h                                           
#c8c1bdff (200,193,189,255)           h                                           
#cac2bdff (202,194,189,255)           h                                           
#c9c2beff (201,194,190,255)           h                                           
#c8c2bfff (200,194,191,255)           h                                           
#ddc9b9ff (221,201,185,255)           h                                           
#dcc9baff (220,201,186,255)           h                                           
#dccabcff (220,202,188,255)           h                                           
#dccbbeff (220,203,190,255)           h                                           
#dbcdc3ff (219,205,195,255)           h                                           
#dbd0c8ff (219,208,200,255)           h                                           
#dcdcdcff (220,220,220,255)           h                                           
#e2dbd6ff (226,219,214,255)           h                                           
#e2dbd8ff (226,219,216,255)           h                                           
#e2dcd8ff (226,220,216,255)           h                                           
#e2ddd8ff (226,221,216,255)           h                                           
#e1dddbff (225,221,219,255)           h                                           
#e2dcdaff (226,220,218,255)           h                                           
#e2dddaff (226,221,218,255)           h                                           
#e1ddddff (225,221,221,255)           h                                           
#82b3d239 (130,179,210, 57)           h                                           
#2a200dff ( 42, 32, 13,255)            i   m   qrst vwxy ABCDEFGHI KLMN PQRS UVW  
#4b3817ff ( 75, 56, 23,255)            i   m   q stuv xyzA CDEFGHIJK MNOP RSTU W  
#695020ff (105, 80, 32,255)            i   m   qrs uvwx zABCDEFGH JKLM OPQR TUVW  
#ffffffff (255,255,255,255)            ijklm  pqrstuvwxyzABCDEFGHIJKLMNOPQRSTUVW  
#212121ff ( 33, 33, 33,255)             jkl   p                                   
#979797ff (151,151,151,255)             jkl   p                                 XY
#323232ff ( 50, 50, 50,255)                      s                                
#969696ff (150,150,150,255)                      s    x    CD   H    M    R    W  
#5d461bff ( 93, 70, 27,255)                       t    y         I    N    S      
#5e471dff ( 94, 71, 29,255)                       t    y         I    N    S      
#60481dff ( 96, 72, 29,255)                       t    y         I    N    S      
#614b23ff ( 97, 75, 35,255)                       t    y         I    N    S      
#d8d8d8ff (216,216,216,255)                       tuvwx   BCDEFGHIJKLMNOPQR   VW  
#fcfcfcff (252,252,252,255)                       t    y         I    N    S      
#0000ff01 (  0,  0,255,  1)                       t    y         I    N    S      
#ffffff02 (255,255,255,  2)                       t    y         I    N    S      
#ffffff03 (255,255,255,  3)                       t    y    D  G I    N    S      
#ffffff01 (255,255,255,  1)                       t    y         I    N    S      
#281e0bff ( 40, 30, 11,255)                        u    z    EF   J    O    T     
#6b6b6bff (107,107,107,255)                           x    C    H    M    R    W  
#a9a9a9ff (169,169,169,255)                            yzA                 STU    
#493615ff ( 73, 54, 21,255)                                 DEF                   
#444444ff ( 68, 68, 68,255)                                 DEFGH     N P         
#282828ff ( 40, 40, 40,255)                                     H                 
#5e5e5eff ( 94, 94, 94,255)                                              QR       
#fafafaff (250,250,250,255)                                                     XY

a: blocks/door_iron_lower.png
b: blocks/door_iron_upper.png
c: blocks/iron_bars.png
d: blocks/iron_block.png
e: blocks/iron_ore.png
f: blocks/iron_trapdoor.png
g: entity/horse/armor/horse_armor_iron.png
h: entity/iron_golem.png
i: items/iron_axe.png
j: items/iron_boots.png
k: items/iron_chestplate.png
l: items/iron_helmet.png
m: items/iron_hoe.png
n: items/iron_horse_armor.png
o: items/iron_ingot.png
p: items/iron_leggings.png
q: items/iron_pickaxe.png
r: items/iron_shovel.png
s: items/iron_sword.png
t: items/tools/16_as_16/iron_axe.png
u: items/tools/16_as_16/iron_hoe.png
v: items/tools/16_as_16/iron_pickaxe.png
w: items/tools/16_as_16/iron_shovel.png
x: items/tools/16_as_16/iron_sword.png
y: items/tools/16_as_16_darker/iron_axe.png
z: items/tools/16_as_16_darker/iron_hoe.png
A: items/tools/16_as_16_darker/iron_pickaxe.png
B: items/tools/16_as_16_darker/iron_shovel.png
C: items/tools/16_as_16_darker/iron_sword.png
D: items/tools/32_as_32/iron_axe.png
E: items/tools/32_as_32/iron_hoe.png
F: items/tools/32_as_32/iron_pickaxe.png
G: items/tools/32_as_32/iron_shovel.png
H: items/tools/32_as_32/iron_sword.png
I: items/tools/64_as_16/iron_axe.png
J: items/tools/64_as_16/iron_hoe.png
K: items/tools/64_as_16/iron_pickaxe.png
L: items/tools/64_as_16/iron_shovel.png
M: items/tools/64_as_16/iron_sword.png
N: items/tools/64_as_16_bordered/iron_axe.png
O: items/tools/64_as_16_bordered/iron_hoe.png
P: items/tools/64_as_16_bordered/iron_pickaxe.png
Q: items/tools/64_as_16_bordered/iron_shovel.png
R: items/tools/64_as_16_bordered/iron_sword.png
S: items/tools/iron_axe.png
T: items/tools/iron_hoe.png
U: items/tools/iron_pickaxe.png
V: items/tools/iron_shovel.png
W: items/tools/iron_sword.png
X: models/armor/iron_layer_1.png
Y: models/armor/iron_layer_2.png
